c:\users\mark\desktop\university work\further games and graphical concepts\fggc assignment 2 - v0.1\fggc framework semester 2\debug\vc120.pdb
c:\users\mark\desktop\university work\further games and graphical concepts\fggc assignment 2 - v0.1\fggc framework semester 2\debug\vc120.idb
c:\users\mark\desktop\university work\further games and graphical concepts\fggc assignment 2 - v0.1\fggc framework semester 2\debug\particlemodel.obj
c:\users\mark\desktop\university work\further games and graphical concepts\fggc assignment 2 - v0.1\fggc framework semester 2\debug\modeldatamanager.obj
c:\users\mark\desktop\university work\further games and graphical concepts\fggc assignment 2 - v0.1\fggc framework semester 2\debug\model.obj
c:\users\mark\desktop\university work\further games and graphical concepts\fggc assignment 2 - v0.1\fggc framework semester 2\debug\input.obj
c:\users\mark\desktop\university work\further games and graphical concepts\fggc assignment 2 - v0.1\fggc framework semester 2\debug\group.obj
c:\users\mark\desktop\university work\further games and graphical concepts\fggc assignment 2 - v0.1\fggc framework semester 2\debug\graphics.obj
c:\users\mark\desktop\university work\further games and graphical concepts\fggc assignment 2 - v0.1\fggc framework semester 2\debug\ddstextureloader.obj
c:\users\mark\desktop\university work\further games and graphical concepts\fggc assignment 2 - v0.1\fggc framework semester 2\debug\cameramanager.obj
c:\users\mark\desktop\university work\further games and graphical concepts\fggc assignment 2 - v0.1\fggc framework semester 2\debug\camera.obj
c:\users\mark\desktop\university work\further games and graphical concepts\fggc assignment 2 - v0.1\fggc framework semester 2\debug\game.obj
c:\users\mark\desktop\university work\further games and graphical concepts\fggc assignment 2 - v0.1\fggc framework semester 2\debug\fggs framework.obj
c:\users\mark\desktop\university work\further games and graphical concepts\fggc assignment 2 - v0.1\fggc framework semester 2\debug\carparticlemodel.obj
c:\users\mark\desktop\university work\further games and graphical concepts\fggc assignment 2 - v0.1\fggc framework semester 2\debug\fp3da framework.cso
c:\users\mark\desktop\university work\further games and graphical concepts\fggc assignment 2 - v0.1\fggc framework semester 2\debug\lighting.cso
c:\users\mark\desktop\university work\further games and graphical concepts\fggc assignment 2 - v0.1\fggc framework semester 2\debug\dx11 framework.ilk
c:\users\mark\desktop\university work\further games and graphical concepts\fggc assignment 2 - v0.1\fggc framework semester 2\debug\dx11 framework.exe
c:\users\mark\desktop\university work\further games and graphical concepts\fggc assignment 2 - v0.1\fggc framework semester 2\debug\dx11 framework.pdb
c:\users\mark\desktop\university work\further games and graphical concepts\fggc assignment 2 - v0.1\fggc framework semester 2\debug\dx11 framework.res
c:\users\mark\desktop\university work\further games and graphical concepts\fggc assignment 2 - v0.1\fggc framework semester 2\debug\dx11 framework.tlog\cl.command.1.tlog
c:\users\mark\desktop\university work\further games and graphical concepts\fggc assignment 2 - v0.1\fggc framework semester 2\debug\dx11 framework.tlog\cl.read.1.tlog
c:\users\mark\desktop\university work\further games and graphical concepts\fggc assignment 2 - v0.1\fggc framework semester 2\debug\dx11 framework.tlog\cl.write.1.tlog
c:\users\mark\desktop\university work\further games and graphical concepts\fggc assignment 2 - v0.1\fggc framework semester 2\debug\dx11 framework.tlog\dx11 framework.write.1u.tlog
c:\users\mark\desktop\university work\further games and graphical concepts\fggc assignment 2 - v0.1\fggc framework semester 2\debug\dx11 framework.tlog\link.command.1.tlog
c:\users\mark\desktop\university work\further games and graphical concepts\fggc assignment 2 - v0.1\fggc framework semester 2\debug\dx11 framework.tlog\link.read.1.tlog
c:\users\mark\desktop\university work\further games and graphical concepts\fggc assignment 2 - v0.1\fggc framework semester 2\debug\dx11 framework.tlog\link.write.1.tlog
c:\users\mark\desktop\university work\further games and graphical concepts\fggc assignment 2 - v0.1\fggc framework semester 2\debug\dx11 framework.tlog\rc.command.1.tlog
c:\users\mark\desktop\university work\further games and graphical concepts\fggc assignment 2 - v0.1\fggc framework semester 2\debug\dx11 framework.tlog\rc.read.1.tlog
c:\users\mark\desktop\university work\further games and graphical concepts\fggc assignment 2 - v0.1\fggc framework semester 2\debug\dx11 framework.tlog\rc.write.1.tlog
